Using pre-set license
Built from '2022.1/staging' branch; Version is '2022.1.23f1 (9636b062134a) revision 9844400'; Using compiler version '192829333'; Build Type 'Release'
OS: 'Windows 10  (10.0.19045) 64bit Core' Language: 'en' Physical Memory: 8137 MB
BatchMode: 1, IsHumanControllingUs: 0, StartBugReporterOnCrash: 0, Is64bit: 1, IsPro: 1

COMMAND LINE ARGUMENTS:
C:\Program Files\Unity\Hub\Editor\2022.1.23f1\Editor\Unity.exe
-adb2
-batchMode
-noUpm
-name
AssetImportWorker5
-projectPath
D:/GitHub/ProjectFS/ProjectFS
-logFile
Logs/AssetImportWorker5.log
-srvPort
60803
Successfully changed project path to: D:/GitHub/ProjectFS/ProjectFS
D:/GitHub/ProjectFS/ProjectFS
[UnityMemory] Configuration Parameters - Can be set up in boot.config
    "memorysetup-bucket-allocator-granularity=16"
    "memorysetup-bucket-allocator-bucket-count=8"
    "memorysetup-bucket-allocator-block-size=33554432"
    "memorysetup-bucket-allocator-block-count=8"
    "memorysetup-main-allocator-block-size=16777216"
    "memorysetup-thread-allocator-block-size=16777216"
    "memorysetup-gfx-main-allocator-block-size=16777216"
    "memorysetup-gfx-thread-allocator-block-size=16777216"
    "memorysetup-cache-allocator-block-size=4194304"
    "memorysetup-typetree-allocator-block-size=2097152"
    "memorysetup-profiler-bucket-allocator-granularity=16"
    "memorysetup-profiler-bucket-allocator-bucket-count=8"
    "memorysetup-profiler-bucket-allocator-block-size=33554432"
    "memorysetup-profiler-bucket-allocator-block-count=8"
    "memorysetup-profiler-allocator-block-size=16777216"
    "memorysetup-profiler-editor-allocator-block-size=1048576"
    "memorysetup-temp-allocator-size-main=16777216"
    "memorysetup-job-temp-allocator-block-size=2097152"
    "memorysetup-job-temp-allocator-block-size-background=1048576"
    "memorysetup-job-temp-allocator-reduction-small-platforms=262144"
    "memorysetup-temp-allocator-size-background-worker=32768"
    "memorysetup-temp-allocator-size-job-worker=262144"
    "memorysetup-temp-allocator-size-preload-manager=33554432"
    "memorysetup-temp-allocator-size-nav-mesh-worker=65536"
    "memorysetup-temp-allocator-size-audio-worker=65536"
    "memorysetup-temp-allocator-size-cloud-worker=32768"
    "memorysetup-temp-allocator-size-gi-baking-worker=262144"
    "memorysetup-temp-allocator-size-gfx=262144"
Refreshing native plugins compatible for Editor in 222.17 ms, found 4 plugins.
Preloading 0 native plugins for Editor in 0.00 ms.
Initialize engine version: 2022.1.23f1 (9636b062134a)
[Subsystems] Discovering subsystems at path C:/Program Files/Unity/Hub/Editor/2022.1.23f1/Editor/Data/Resources/UnitySubsystems
[Subsystems] Discovering subsystems at path D:/GitHub/ProjectFS/ProjectFS/Assets
GfxDevice: creating device client; threaded=0; jobified=0
Direct3D:
    Version:  Direct3D 11.0 [level 11.1]
    Renderer: NVIDIA GeForce GTX 1060 6GB (ID=0x1c03)
    Vendor:   NVIDIA
    VRAM:     6052 MB
    Driver:   31.0.15.1694
Initialize mono
Mono path[0] = 'C:/Program Files/Unity/Hub/Editor/2022.1.23f1/Editor/Data/Managed'
Mono path[1] = 'C:/Program Files/Unity/Hub/Editor/2022.1.23f1/Editor/Data/MonoBleedingEdge/lib/mono/unityjit-win32'
Mono config path = 'C:/Program Files/Unity/Hub/Editor/2022.1.23f1/Editor/Data/MonoBleedingEdge/etc'
Using monoOptions --debugger-agent=transport=dt_socket,embedding=1,server=y,suspend=n,address=127.0.0.1:56436
Begin MonoManager ReloadAssembly
Registering precompiled unity dll's ...
Register platform support module: C:/Program Files/Unity/Hub/Editor/2022.1.23f1/Editor/Data/PlaybackEngines/WindowsStandaloneSupport/UnityEditor.WindowsStandalone.Extensions.dll
Registered in 0.010834 seconds.
Native extension for WindowsStandalone target not found
Refreshing native plugins compatible for Editor in 167.75 ms, found 4 plugins.
Preloading 0 native plugins for Editor in 0.00 ms.
Mono: successfully reloaded assembly
- Completed reload, in  0.935 seconds
Domain Reload Profiling:
	ReloadAssembly (936ms)
		BeginReloadAssembly (116ms)
			ExecutionOrderSort (0ms)
			DisableScriptedObjects (0ms)
			BackupInstance (0ms)
			ReleaseScriptingObjects (0ms)
			CreateAndSetChildDomain (1ms)
		EndReloadAssembly (680ms)
			LoadAssemblies (112ms)
			RebuildTransferFunctionScriptingTraits (0ms)
			SetupTypeCache (180ms)
				TypeCache.Initialize (179ms)
					TypeCache.ScanAssembly (177ms)
				ResolveRequiredComponents (1ms)
			ReleaseScriptCaches (0ms)
			RebuildScriptCaches (35ms)
			SetupLoadedEditorAssemblies (399ms)
				LogAssemblyErrors (0ms)
				InitializePlatformSupportModulesInManaged (9ms)
				SetLoadedEditorAssemblies (9ms)
				RefreshPlugins (168ms)
				BeforeProcessingInitializeOnLoad (2ms)
				ProcessInitializeOnLoadAttributes (160ms)
				ProcessInitializeOnLoadMethodAttributes (52ms)
				AfterProcessingInitializeOnLoad (0ms)
				EditorAssembliesLoaded (0ms)
			ExecutionOrderSort2 (0ms)
			AwakeInstancesAfterBackupRestoration (0ms)
Platform modules already initialized, skipping
Registering precompiled user dll's ...
Registered in 0.010683 seconds.
Begin MonoManager ReloadAssembly
Symbol file LoadedFromMemory doesn't match image D:\GitHub\ProjectFS\ProjectFS\Library\PackageCache\com.unity.visualscripting@1.7.8\Editor\VisualScripting.Core\Dependencies\YamlDotNet\Unity.VisualScripting.YamlDotNet.dll
Symbol file LoadedFromMemory doesn't match image D:\GitHub\ProjectFS\ProjectFS\Library\PackageCache\com.unity.visualscripting@1.7.8\Editor\VisualScripting.Core\Dependencies\DotNetZip\Unity.VisualScripting.IonicZip.dll
Native extension for WindowsStandalone target not found
Refreshing native plugins compatible for Editor in 133.00 ms, found 4 plugins.
Preloading 0 native plugins for Editor in 0.00 ms.
Package Manager log level set to [2]
[Package Manager] Server::EnsureServerProcessIsRunning -- launch failed, reason: Unity was launched with the -noUpm command-line argument
[Package Manager] UpmClient::Send -- Unable to send message (not connected to UPM process).
[Package Manager] Cannot connect to Unity Package Manager local server
Mono: successfully reloaded assembly
- Completed reload, in  1.590 seconds
Domain Reload Profiling:
	ReloadAssembly (1591ms)
		BeginReloadAssembly (131ms)
			ExecutionOrderSort (0ms)
			DisableScriptedObjects (6ms)
			BackupInstance (0ms)
			ReleaseScriptingObjects (0ms)
			CreateAndSetChildDomain (21ms)
		EndReloadAssembly (1333ms)
			LoadAssemblies (159ms)
			RebuildTransferFunctionScriptingTraits (0ms)
			SetupTypeCache (341ms)
				TypeCache.Initialize (334ms)
					TypeCache.ScanAssembly (330ms)
				ResolveRequiredComponents (7ms)
			ReleaseScriptCaches (1ms)
			RebuildScriptCaches (85ms)
			SetupLoadedEditorAssemblies (700ms)
				LogAssemblyErrors (0ms)
				InitializePlatformSupportModulesInManaged (5ms)
				SetLoadedEditorAssemblies (7ms)
				RefreshPlugins (133ms)
				BeforeProcessingInitializeOnLoad (125ms)
				ProcessInitializeOnLoadAttributes (369ms)
				ProcessInitializeOnLoadMethodAttributes (47ms)
				AfterProcessingInitializeOnLoad (13ms)
				EditorAssembliesLoaded (0ms)
			ExecutionOrderSort2 (0ms)
			AwakeInstancesAfterBackupRestoration (8ms)
Platform modules already initialized, skipping
========================================================================
Worker process is ready to serve import requests
Launched and connected shader compiler UnityShaderCompiler.exe after 0.13 seconds
Refreshing native plugins compatible for Editor in 1.32 ms, found 4 plugins.
Preloading 0 native plugins for Editor in 0.00 ms.
Unloading 5222 Unused Serialized files (Serialized files now loaded: 0)
Unloading 52 unused Assets / (1.3 MB). Loaded Objects now: 5692.
Memory consumption went from 0.91 GB to 0.91 GB.
Total: 5.447900 ms (FindLiveObjects: 0.444100 ms CreateObjectMapping: 0.419300 ms MarkObjects: 3.958700 ms  DeleteObjects: 0.624800 ms)

AssetImportParameters requested are different than current active one (requested -> active):
  custom:video-decoder-ogg-theora: a1e56fd34408186e4bbccfd4996cb3dc -> 
  custom:container-muxer-webm: aa71ff27fc2769a1b78a27578f13a17b -> 
  custom:container-demuxer-webm: 4f35f7cbe854078d1ac9338744f61a02 -> 
  custom:video-encoder-webm-vp8: eb34c28f22e8b96e1ab97ce403110664 -> 
  custom:audio-encoder-webm-vorbis: bf7c407c2cedff20999df2af8eb42d56 -> 
  custom:framework-win-MediaFoundation: 216162199b28c13a410421893ffa2e32 -> 
  custom:container-demuxer-ogg: 62fdf1f143b41e24485cea50d1cbac27 -> 
  custom:video-decoder-webm-vp8: 9c59270c3fd7afecdb556c50c9e8de78 -> 
  custom:audio-decoder-ogg-vorbis: bf7c407c2cedff20999df2af8eb42d56 -> 
========================================================================
Received Import Request.
  Time since last request: 1126393.074230 seconds.
  path: Assets/Scripts/ScriptableObjects/RangedFlyingEnemyData.asset
  artifactKey: Guid(ab4014da5366d9140a9c1d0e8fc9a027) Importer(815301076,1909f56bfc062723c751e8b465ee728b)
Start importing Assets/Scripts/ScriptableObjects/RangedFlyingEnemyData.asset using Guid(ab4014da5366d9140a9c1d0e8fc9a027) Importer(815301076,1909f56bfc062723c751e8b465ee728b)  -> (artifact id: 'cc9cf023b1e0c7b556c4fce55dff7f5b') in 0.081900 seconds 
========================================================================
Received Import Request.
  Time since last request: 884.746715 seconds.
  path: Assets/kenney_animated-characters-3
  artifactKey: Guid(b18f98ec6357dd34e9da0d86fbd4d68c) Importer(815301076,1909f56bfc062723c751e8b465ee728b)
Start importing Assets/kenney_animated-characters-3 using Guid(b18f98ec6357dd34e9da0d86fbd4d68c) Importer(815301076,1909f56bfc062723c751e8b465ee728b)  -> (artifact id: '0f62270031244424d35890085ee60da3') in 0.290085 seconds 
========================================================================
Received Import Request.
  Time since last request: 0.001631 seconds.
  path: Assets/kenney_animated-characters-3/Preview.png
  artifactKey: Guid(0290ad076b707704bb6ebfa80ff42a17) Importer(815301076,1909f56bfc062723c751e8b465ee728b)
Start importing Assets/kenney_animated-characters-3/Preview.png using Guid(0290ad076b707704bb6ebfa80ff42a17) Importer(815301076,1909f56bfc062723c751e8b465ee728b)  -> (artifact id: '30daceafd2af085e6d34e9fe99b31a31') in 0.404220 seconds 
========================================================================
Received Import Request.
  Time since last request: 0.279757 seconds.
  path: Assets/kenney_animated-characters-3/Animations
  artifactKey: Guid(26b12babd575fab41a10ec61499c593c) Importer(815301076,1909f56bfc062723c751e8b465ee728b)
Start importing Assets/kenney_animated-characters-3/Animations using Guid(26b12babd575fab41a10ec61499c593c) Importer(815301076,1909f56bfc062723c751e8b465ee728b)  -> (artifact id: '2622ab471e1976b4b0ba7f6129c791bd') in 0.046619 seconds 
========================================================================
Received Import Request.
  Time since last request: 0.029151 seconds.
  path: Assets/kenney_animated-characters-3/Animations/idle.fbx
  artifactKey: Guid(cbdb5afbf2816b04c932a74eae288fff) Importer(815301076,1909f56bfc062723c751e8b465ee728b)
Start importing Assets/kenney_animated-characters-3/Animations/idle.fbx using Guid(cbdb5afbf2816b04c932a74eae288fff) Importer(815301076,1909f56bfc062723c751e8b465ee728b)  -> (artifact id: '2de3424d23a6a7a774c09adf621d6db1') in 0.098374 seconds 
========================================================================
Received Import Request.
  Time since last request: 0.000030 seconds.
  path: Assets/kenney_animated-characters-3/Animations/run.fbx
  artifactKey: Guid(4616545c79a76694d8e68991b6466cea) Importer(815301076,1909f56bfc062723c751e8b465ee728b)
Start importing Assets/kenney_animated-characters-3/Animations/run.fbx using Guid(4616545c79a76694d8e68991b6466cea) Importer(815301076,1909f56bfc062723c751e8b465ee728b)  -> (artifact id: '53fbc96e4d25be2f8d12f71ef50e70b0') in 0.038150 seconds 
========================================================================
Received Import Request.
  Time since last request: 0.000041 seconds.
  path: Assets/kenney_animated-characters-3/Animations/jump.fbx
  artifactKey: Guid(ded5f62c153277441bd5f9505483cf55) Importer(815301076,1909f56bfc062723c751e8b465ee728b)
Start importing Assets/kenney_animated-characters-3/Animations/jump.fbx using Guid(ded5f62c153277441bd5f9505483cf55) Importer(815301076,1909f56bfc062723c751e8b465ee728b)  -> (artifact id: '32388ba418741219bfb1cb885eedc6e5') in 0.019809 seconds 
========================================================================
Received Import Request.
  Time since last request: 5.392076 seconds.
  path: Assets/kenney_animated-characters-3/Model
  artifactKey: Guid(ddf6fc12a091dfc4d931e5ff630bc00f) Importer(815301076,1909f56bfc062723c751e8b465ee728b)
Start importing Assets/kenney_animated-characters-3/Model using Guid(ddf6fc12a091dfc4d931e5ff630bc00f) Importer(815301076,1909f56bfc062723c751e8b465ee728b)  -> (artifact id: 'b5a61fdf445175bcb115ca5c107bd1a2') in 0.023104 seconds 
========================================================================
Received Import Request.
  Time since last request: 0.000040 seconds.
  path: Assets/kenney_animated-characters-3/Model/characterMedium.fbx
  artifactKey: Guid(3bf93256e575db34e9c0b2e21b4e5b9f) Importer(815301076,1909f56bfc062723c751e8b465ee728b)
Start importing Assets/kenney_animated-characters-3/Model/characterMedium.fbx using Guid(3bf93256e575db34e9c0b2e21b4e5b9f) Importer(815301076,1909f56bfc062723c751e8b465ee728b)  -> (artifact id: '65d82e000c8cfc2e044e77cf229d2e04') in 0.338924 seconds 
========================================================================
Received Import Request.
  Time since last request: 15.881737 seconds.
  path: Assets/kenney_animated-characters-3/Skins
  artifactKey: Guid(8009dfb8c3f2f364d8e03ca60027c4c0) Importer(815301076,1909f56bfc062723c751e8b465ee728b)
Start importing Assets/kenney_animated-characters-3/Skins using Guid(8009dfb8c3f2f364d8e03ca60027c4c0) Importer(815301076,1909f56bfc062723c751e8b465ee728b)  -> (artifact id: '2b484a7ae9404e9a4f6638bfc561b4d4') in 0.002538 seconds 
========================================================================
Received Import Request.
  Time since last request: 0.107603 seconds.
  path: Assets/kenney_animated-characters-3/Skins/humanFemaleA.png
  artifactKey: Guid(bea0938b317efee4b92bcfd9a3eb1870) Importer(815301076,1909f56bfc062723c751e8b465ee728b)
Start importing Assets/kenney_animated-characters-3/Skins/humanFemaleA.png using Guid(bea0938b317efee4b92bcfd9a3eb1870) Importer(815301076,1909f56bfc062723c751e8b465ee728b)  -> (artifact id: '2a6481f252c114a75faa643e2b3b0695') in 0.010490 seconds 
========================================================================
Received Import Request.
  Time since last request: 0.092565 seconds.
  path: Assets/kenney_animated-characters-3/Skins/humanMaleA.png
  artifactKey: Guid(7ad3436f05ad3e14490e6caff75e5bf8) Importer(815301076,1909f56bfc062723c751e8b465ee728b)
Start importing Assets/kenney_animated-characters-3/Skins/humanMaleA.png using Guid(7ad3436f05ad3e14490e6caff75e5bf8) Importer(815301076,1909f56bfc062723c751e8b465ee728b)  -> (artifact id: 'dbe6838ff6ddfda43e9e940c43d386e3') in 0.048656 seconds 
========================================================================
Received Import Request.
  Time since last request: 0.159025 seconds.
  path: Assets/kenney_animated-characters-3/Skins/zombieFemaleA.png
  artifactKey: Guid(bb2ed5fb1c8651640ac65891c5373072) Importer(815301076,1909f56bfc062723c751e8b465ee728b)
Start importing Assets/kenney_animated-characters-3/Skins/zombieFemaleA.png using Guid(bb2ed5fb1c8651640ac65891c5373072) Importer(815301076,1909f56bfc062723c751e8b465ee728b)  -> (artifact id: 'f1d0fe84c496dc7ea1b2f783170b703a') in 0.035916 seconds 
========================================================================
Received Import Request.
  Time since last request: 0.000032 seconds.
  path: Assets/kenney_animated-characters-3/Skins/zombieMaleA.png
  artifactKey: Guid(4e6ee7edcea26cf48adc02b2f76dfb82) Importer(815301076,1909f56bfc062723c751e8b465ee728b)
Start importing Assets/kenney_animated-characters-3/Skins/zombieMaleA.png using Guid(4e6ee7edcea26cf48adc02b2f76dfb82) Importer(815301076,1909f56bfc062723c751e8b465ee728b)  -> (artifact id: 'affdd93e9f37bed5183dbc6fdb744f9e') in 0.013378 seconds 
========================================================================
Received Import Request.
  Time since last request: 1.434395 seconds.
  path: Assets/kenney_animated-characters-3/Unity package
  artifactKey: Guid(070b55782afcb574eb230764a1546fa0) Importer(815301076,1909f56bfc062723c751e8b465ee728b)
Start importing Assets/kenney_animated-characters-3/Unity package using Guid(070b55782afcb574eb230764a1546fa0) Importer(815301076,1909f56bfc062723c751e8b465ee728b)  -> (artifact id: '306111defbc878f0d52e084517ffe1e1') in 0.002608 seconds 
