Using pre-set license
Built from '2022.1/staging' branch; Version is '2022.1.23f1 (9636b062134a) revision 9844400'; Using compiler version '192829333'; Build Type 'Release'
OS: 'Windows 10  (10.0.19045) 64bit Core' Language: 'en' Physical Memory: 8137 MB
BatchMode: 1, IsHumanControllingUs: 0, StartBugReporterOnCrash: 0, Is64bit: 1, IsPro: 1

COMMAND LINE ARGUMENTS:
C:\Program Files\Unity\Hub\Editor\2022.1.23f1\Editor\Unity.exe
-adb2
-batchMode
-noUpm
-name
AssetImportWorker3
-projectPath
D:/GitHub/ProjectFS/ProjectFS
-logFile
Logs/AssetImportWorker3.log
-srvPort
56184
Successfully changed project path to: D:/GitHub/ProjectFS/ProjectFS
D:/GitHub/ProjectFS/ProjectFS
[UnityMemory] Configuration Parameters - Can be set up in boot.config
    "memorysetup-bucket-allocator-granularity=16"
    "memorysetup-bucket-allocator-bucket-count=8"
    "memorysetup-bucket-allocator-block-size=33554432"
    "memorysetup-bucket-allocator-block-count=8"
    "memorysetup-main-allocator-block-size=16777216"
    "memorysetup-thread-allocator-block-size=16777216"
    "memorysetup-gfx-main-allocator-block-size=16777216"
    "memorysetup-gfx-thread-allocator-block-size=16777216"
    "memorysetup-cache-allocator-block-size=4194304"
    "memorysetup-typetree-allocator-block-size=2097152"
    "memorysetup-profiler-bucket-allocator-granularity=16"
    "memorysetup-profiler-bucket-allocator-bucket-count=8"
    "memorysetup-profiler-bucket-allocator-block-size=33554432"
    "memorysetup-profiler-bucket-allocator-block-count=8"
    "memorysetup-profiler-allocator-block-size=16777216"
    "memorysetup-profiler-editor-allocator-block-size=1048576"
    "memorysetup-temp-allocator-size-main=16777216"
    "memorysetup-job-temp-allocator-block-size=2097152"
    "memorysetup-job-temp-allocator-block-size-background=1048576"
    "memorysetup-job-temp-allocator-reduction-small-platforms=262144"
    "memorysetup-temp-allocator-size-background-worker=32768"
    "memorysetup-temp-allocator-size-job-worker=262144"
    "memorysetup-temp-allocator-size-preload-manager=33554432"
    "memorysetup-temp-allocator-size-nav-mesh-worker=65536"
    "memorysetup-temp-allocator-size-audio-worker=65536"
    "memorysetup-temp-allocator-size-cloud-worker=32768"
    "memorysetup-temp-allocator-size-gi-baking-worker=262144"
    "memorysetup-temp-allocator-size-gfx=262144"
Refreshing native plugins compatible for Editor in 154.49 ms, found 4 plugins.
Preloading 0 native plugins for Editor in 0.00 ms.
Initialize engine version: 2022.1.23f1 (9636b062134a)
[Subsystems] Discovering subsystems at path C:/Program Files/Unity/Hub/Editor/2022.1.23f1/Editor/Data/Resources/UnitySubsystems
[Subsystems] Discovering subsystems at path D:/GitHub/ProjectFS/ProjectFS/Assets
GfxDevice: creating device client; threaded=0; jobified=0
Direct3D:
    Version:  Direct3D 11.0 [level 11.1]
    Renderer: NVIDIA GeForce GTX 1060 6GB (ID=0x1c03)
    Vendor:   NVIDIA
    VRAM:     6052 MB
    Driver:   31.0.15.1694
Initialize mono
Mono path[0] = 'C:/Program Files/Unity/Hub/Editor/2022.1.23f1/Editor/Data/Managed'
Mono path[1] = 'C:/Program Files/Unity/Hub/Editor/2022.1.23f1/Editor/Data/MonoBleedingEdge/lib/mono/unityjit-win32'
Mono config path = 'C:/Program Files/Unity/Hub/Editor/2022.1.23f1/Editor/Data/MonoBleedingEdge/etc'
Using monoOptions --debugger-agent=transport=dt_socket,embedding=1,server=y,suspend=n,address=127.0.0.1:56256
Begin MonoManager ReloadAssembly
Registering precompiled unity dll's ...
Register platform support module: C:/Program Files/Unity/Hub/Editor/2022.1.23f1/Editor/Data/PlaybackEngines/WindowsStandaloneSupport/UnityEditor.WindowsStandalone.Extensions.dll
Registered in 0.010087 seconds.
Native extension for WindowsStandalone target not found
Refreshing native plugins compatible for Editor in 146.71 ms, found 4 plugins.
Preloading 0 native plugins for Editor in 0.00 ms.
Mono: successfully reloaded assembly
- Completed reload, in  0.815 seconds
Domain Reload Profiling:
	ReloadAssembly (816ms)
		BeginReloadAssembly (94ms)
			ExecutionOrderSort (0ms)
			DisableScriptedObjects (0ms)
			BackupInstance (0ms)
			ReleaseScriptingObjects (0ms)
			CreateAndSetChildDomain (1ms)
		EndReloadAssembly (593ms)
			LoadAssemblies (91ms)
			RebuildTransferFunctionScriptingTraits (0ms)
			SetupTypeCache (132ms)
				TypeCache.Initialize (131ms)
					TypeCache.ScanAssembly (129ms)
				ResolveRequiredComponents (1ms)
			ReleaseScriptCaches (0ms)
			RebuildScriptCaches (32ms)
			SetupLoadedEditorAssemblies (367ms)
				LogAssemblyErrors (0ms)
				InitializePlatformSupportModulesInManaged (10ms)
				SetLoadedEditorAssemblies (8ms)
				RefreshPlugins (147ms)
				BeforeProcessingInitializeOnLoad (1ms)
				ProcessInitializeOnLoadAttributes (150ms)
				ProcessInitializeOnLoadMethodAttributes (51ms)
				AfterProcessingInitializeOnLoad (0ms)
				EditorAssembliesLoaded (0ms)
			ExecutionOrderSort2 (0ms)
			AwakeInstancesAfterBackupRestoration (0ms)
Platform modules already initialized, skipping
Registering precompiled user dll's ...
Registered in 0.010849 seconds.
Begin MonoManager ReloadAssembly
Symbol file LoadedFromMemory doesn't match image D:\GitHub\ProjectFS\ProjectFS\Library\PackageCache\com.unity.visualscripting@1.7.8\Editor\VisualScripting.Core\Dependencies\YamlDotNet\Unity.VisualScripting.YamlDotNet.dll
Symbol file LoadedFromMemory doesn't match image D:\GitHub\ProjectFS\ProjectFS\Library\PackageCache\com.unity.visualscripting@1.7.8\Editor\VisualScripting.Core\Dependencies\DotNetZip\Unity.VisualScripting.IonicZip.dll
Native extension for WindowsStandalone target not found
Refreshing native plugins compatible for Editor in 149.16 ms, found 4 plugins.
Preloading 0 native plugins for Editor in 0.00 ms.
Package Manager log level set to [2]
[Package Manager] Server::EnsureServerProcessIsRunning -- launch failed, reason: Unity was launched with the -noUpm command-line argument
[Package Manager] UpmClient::Send -- Unable to send message (not connected to UPM process).
[Package Manager] Cannot connect to Unity Package Manager local server
Mono: successfully reloaded assembly
- Completed reload, in  1.585 seconds
Domain Reload Profiling:
	ReloadAssembly (1587ms)
		BeginReloadAssembly (144ms)
			ExecutionOrderSort (0ms)
			DisableScriptedObjects (5ms)
			BackupInstance (0ms)
			ReleaseScriptingObjects (0ms)
			CreateAndSetChildDomain (23ms)
		EndReloadAssembly (1307ms)
			LoadAssemblies (124ms)
			RebuildTransferFunctionScriptingTraits (0ms)
			SetupTypeCache (358ms)
				TypeCache.Initialize (351ms)
					TypeCache.ScanAssembly (346ms)
				ResolveRequiredComponents (7ms)
			ReleaseScriptCaches (1ms)
			RebuildScriptCaches (97ms)
			SetupLoadedEditorAssemblies (667ms)
				LogAssemblyErrors (0ms)
				InitializePlatformSupportModulesInManaged (8ms)
				SetLoadedEditorAssemblies (9ms)
				RefreshPlugins (149ms)
				BeforeProcessingInitializeOnLoad (137ms)
				ProcessInitializeOnLoadAttributes (306ms)
				ProcessInitializeOnLoadMethodAttributes (46ms)
				AfterProcessingInitializeOnLoad (11ms)
				EditorAssembliesLoaded (0ms)
			ExecutionOrderSort2 (0ms)
			AwakeInstancesAfterBackupRestoration (9ms)
Platform modules already initialized, skipping
========================================================================
Worker process is ready to serve import requests
Launched and connected shader compiler UnityShaderCompiler.exe after 0.11 seconds
Refreshing native plugins compatible for Editor in 1.53 ms, found 4 plugins.
Preloading 0 native plugins for Editor in 0.00 ms.
Unloading 5284 Unused Serialized files (Serialized files now loaded: 0)
Unloading 52 unused Assets / (1.3 MB). Loaded Objects now: 5749.
Memory consumption went from 0.92 GB to 0.91 GB.
Total: 5.039100 ms (FindLiveObjects: 0.470800 ms CreateObjectMapping: 0.722500 ms MarkObjects: 3.588700 ms  DeleteObjects: 0.255800 ms)

AssetImportParameters requested are different than current active one (requested -> active):
  custom:video-decoder-ogg-theora: a1e56fd34408186e4bbccfd4996cb3dc -> 
  custom:container-muxer-webm: aa71ff27fc2769a1b78a27578f13a17b -> 
  custom:container-demuxer-webm: 4f35f7cbe854078d1ac9338744f61a02 -> 
  custom:video-encoder-webm-vp8: eb34c28f22e8b96e1ab97ce403110664 -> 
  custom:audio-encoder-webm-vorbis: bf7c407c2cedff20999df2af8eb42d56 -> 
  custom:framework-win-MediaFoundation: 216162199b28c13a410421893ffa2e32 -> 
  custom:container-demuxer-ogg: 62fdf1f143b41e24485cea50d1cbac27 -> 
  custom:video-decoder-webm-vp8: 9c59270c3fd7afecdb556c50c9e8de78 -> 
  custom:audio-decoder-ogg-vorbis: bf7c407c2cedff20999df2af8eb42d56 -> 
========================================================================
Received Import Request.
  Time since last request: 581189.335407 seconds.
  path: Assets/Scenes/forest5.PNG
  artifactKey: Guid(fe38350a90539bc48ac01e8d91fee77c) Importer(815301076,1909f56bfc062723c751e8b465ee728b)
Start importing Assets/Scenes/forest5.PNG using Guid(fe38350a90539bc48ac01e8d91fee77c) Importer(815301076,1909f56bfc062723c751e8b465ee728b)  -> (artifact id: '6639a0abc2eb29ce19fd59cbd89190b1') in 0.154394 seconds 
========================================================================
Received Import Request.
  Time since last request: 0.000026 seconds.
  path: Assets/Scenes/forest3.PNG
  artifactKey: Guid(71468075fdfaac94391286abdbf5bea9) Importer(815301076,1909f56bfc062723c751e8b465ee728b)
Start importing Assets/Scenes/forest3.PNG using Guid(71468075fdfaac94391286abdbf5bea9) Importer(815301076,1909f56bfc062723c751e8b465ee728b)  -> (artifact id: '6e2cf7820381bbe1f582008d4b902798') in 0.254416 seconds 
========================================================================
Received Prepare
Registering precompiled user dll's ...
Registered in 0.008917 seconds.
Begin MonoManager ReloadAssembly
Symbol file LoadedFromMemory doesn't match image D:\GitHub\ProjectFS\ProjectFS\Library\PackageCache\com.unity.visualscripting@1.7.8\Editor\VisualScripting.Core\Dependencies\YamlDotNet\Unity.VisualScripting.YamlDotNet.dll
Symbol file LoadedFromMemory doesn't match image D:\GitHub\ProjectFS\ProjectFS\Library\PackageCache\com.unity.visualscripting@1.7.8\Editor\VisualScripting.Core\Dependencies\DotNetZip\Unity.VisualScripting.IonicZip.dll
Native extension for WindowsStandalone target not found
Refreshing native plugins compatible for Editor in 0.99 ms, found 4 plugins.
Preloading 0 native plugins for Editor in 0.00 ms.
[Package Manager] Server::EnsureServerProcessIsRunning -- launch failed, reason: Unity was launched with the -noUpm command-line argument
[Package Manager] UpmClient::Send -- Unable to send message (not connected to UPM process).
[Package Manager] Cannot connect to Unity Package Manager local server
Mono: successfully reloaded assembly
- Completed reload, in  1.482 seconds
Domain Reload Profiling:
	ReloadAssembly (1483ms)
		BeginReloadAssembly (172ms)
			ExecutionOrderSort (0ms)
			DisableScriptedObjects (7ms)
			BackupInstance (0ms)
			ReleaseScriptingObjects (0ms)
			CreateAndSetChildDomain (40ms)
		EndReloadAssembly (1127ms)
			LoadAssemblies (358ms)
			RebuildTransferFunctionScriptingTraits (0ms)
			SetupTypeCache (298ms)
				TypeCache.Initialize (292ms)
					TypeCache.ScanAssembly (286ms)
				ResolveRequiredComponents (7ms)
			ReleaseScriptCaches (2ms)
			RebuildScriptCaches (67ms)
			SetupLoadedEditorAssemblies (379ms)
				LogAssemblyErrors (0ms)
				InitializePlatformSupportModulesInManaged (14ms)
				SetLoadedEditorAssemblies (7ms)
				RefreshPlugins (1ms)
				BeforeProcessingInitializeOnLoad (91ms)
				ProcessInitializeOnLoadAttributes (222ms)
				ProcessInitializeOnLoadMethodAttributes (34ms)
				AfterProcessingInitializeOnLoad (10ms)
				EditorAssembliesLoaded (0ms)
			ExecutionOrderSort2 (0ms)
			AwakeInstancesAfterBackupRestoration (10ms)
Platform modules already initialized, skipping
Refreshing native plugins compatible for Editor in 60.07 ms, found 4 plugins.
Preloading 0 native plugins for Editor in 0.00 ms.
Unloading 4995 Unused Serialized files (Serialized files now loaded: 0)
Unloading 40 unused Assets / (1.2 MB). Loaded Objects now: 5760.
Memory consumption went from 0.86 GB to 0.86 GB.
Total: 4.721500 ms (FindLiveObjects: 0.432700 ms CreateObjectMapping: 0.351500 ms MarkObjects: 3.645400 ms  DeleteObjects: 0.291000 ms)

AssetImportParameters requested are different than current active one (requested -> active):
  custom:video-decoder-ogg-theora: a1e56fd34408186e4bbccfd4996cb3dc -> 
  custom:container-muxer-webm: aa71ff27fc2769a1b78a27578f13a17b -> 
  custom:container-demuxer-webm: 4f35f7cbe854078d1ac9338744f61a02 -> 
  custom:video-encoder-webm-vp8: eb34c28f22e8b96e1ab97ce403110664 -> 
  custom:audio-encoder-webm-vorbis: bf7c407c2cedff20999df2af8eb42d56 -> 
  custom:framework-win-MediaFoundation: 216162199b28c13a410421893ffa2e32 -> 
  custom:container-demuxer-ogg: 62fdf1f143b41e24485cea50d1cbac27 -> 
  custom:video-decoder-webm-vp8: 9c59270c3fd7afecdb556c50c9e8de78 -> 
  custom:audio-decoder-ogg-vorbis: bf7c407c2cedff20999df2af8eb42d56 -> 
========================================================================
Received Prepare
Registering precompiled user dll's ...
Registered in 0.008608 seconds.
Begin MonoManager ReloadAssembly
Symbol file LoadedFromMemory doesn't match image D:\GitHub\ProjectFS\ProjectFS\Library\PackageCache\com.unity.visualscripting@1.7.8\Editor\VisualScripting.Core\Dependencies\YamlDotNet\Unity.VisualScripting.YamlDotNet.dll
Symbol file LoadedFromMemory doesn't match image D:\GitHub\ProjectFS\ProjectFS\Library\PackageCache\com.unity.visualscripting@1.7.8\Editor\VisualScripting.Core\Dependencies\DotNetZip\Unity.VisualScripting.IonicZip.dll
Native extension for WindowsStandalone target not found
Refreshing native plugins compatible for Editor in 1.54 ms, found 4 plugins.
Preloading 0 native plugins for Editor in 0.00 ms.
[Package Manager] Server::EnsureServerProcessIsRunning -- launch failed, reason: Unity was launched with the -noUpm command-line argument
[Package Manager] UpmClient::Send -- Unable to send message (not connected to UPM process).
[Package Manager] Cannot connect to Unity Package Manager local server
Mono: successfully reloaded assembly
- Completed reload, in  1.414 seconds
Domain Reload Profiling:
	ReloadAssembly (1415ms)
		BeginReloadAssembly (173ms)
			ExecutionOrderSort (0ms)
			DisableScriptedObjects (8ms)
			BackupInstance (0ms)
			ReleaseScriptingObjects (0ms)
			CreateAndSetChildDomain (48ms)
		EndReloadAssembly (1116ms)
			LoadAssemblies (133ms)
			RebuildTransferFunctionScriptingTraits (0ms)
			SetupTypeCache (364ms)
				TypeCache.Initialize (352ms)
					TypeCache.ScanAssembly (343ms)
				ResolveRequiredComponents (12ms)
			ReleaseScriptCaches (2ms)
			RebuildScriptCaches (94ms)
			SetupLoadedEditorAssemblies (459ms)
				LogAssemblyErrors (0ms)
				InitializePlatformSupportModulesInManaged (16ms)
				SetLoadedEditorAssemblies (9ms)
				RefreshPlugins (2ms)
				BeforeProcessingInitializeOnLoad (105ms)
				ProcessInitializeOnLoadAttributes (270ms)
				ProcessInitializeOnLoadMethodAttributes (45ms)
				AfterProcessingInitializeOnLoad (12ms)
				EditorAssembliesLoaded (0ms)
			ExecutionOrderSort2 (0ms)
			AwakeInstancesAfterBackupRestoration (12ms)
Platform modules already initialized, skipping
Refreshing native plugins compatible for Editor in 3.16 ms, found 4 plugins.
Preloading 0 native plugins for Editor in 0.00 ms.
Unloading 4996 Unused Serialized files (Serialized files now loaded: 0)
Unloading 40 unused Assets / (1.3 MB). Loaded Objects now: 5763.
Memory consumption went from 0.86 GB to 0.86 GB.
Total: 4.040400 ms (FindLiveObjects: 0.450800 ms CreateObjectMapping: 0.374500 ms MarkObjects: 2.962200 ms  DeleteObjects: 0.251800 ms)

AssetImportParameters requested are different than current active one (requested -> active):
  custom:video-decoder-ogg-theora: a1e56fd34408186e4bbccfd4996cb3dc -> 
  custom:container-muxer-webm: aa71ff27fc2769a1b78a27578f13a17b -> 
  custom:container-demuxer-webm: 4f35f7cbe854078d1ac9338744f61a02 -> 
  custom:video-encoder-webm-vp8: eb34c28f22e8b96e1ab97ce403110664 -> 
  custom:audio-encoder-webm-vorbis: bf7c407c2cedff20999df2af8eb42d56 -> 
  custom:framework-win-MediaFoundation: 216162199b28c13a410421893ffa2e32 -> 
  custom:container-demuxer-ogg: 62fdf1f143b41e24485cea50d1cbac27 -> 
  custom:video-decoder-webm-vp8: 9c59270c3fd7afecdb556c50c9e8de78 -> 
  custom:audio-decoder-ogg-vorbis: bf7c407c2cedff20999df2af8eb42d56 -> 
========================================================================
Received Prepare
Registering precompiled user dll's ...
Registered in 0.009056 seconds.
Begin MonoManager ReloadAssembly
Symbol file LoadedFromMemory doesn't match image D:\GitHub\ProjectFS\ProjectFS\Library\PackageCache\com.unity.visualscripting@1.7.8\Editor\VisualScripting.Core\Dependencies\YamlDotNet\Unity.VisualScripting.YamlDotNet.dll
Symbol file LoadedFromMemory doesn't match image D:\GitHub\ProjectFS\ProjectFS\Library\PackageCache\com.unity.visualscripting@1.7.8\Editor\VisualScripting.Core\Dependencies\DotNetZip\Unity.VisualScripting.IonicZip.dll
Native extension for WindowsStandalone target not found
Refreshing native plugins compatible for Editor in 1.24 ms, found 4 plugins.
Preloading 0 native plugins for Editor in 0.00 ms.
[Package Manager] Server::EnsureServerProcessIsRunning -- launch failed, reason: Unity was launched with the -noUpm command-line argument
[Package Manager] UpmClient::Send -- Unable to send message (not connected to UPM process).
[Package Manager] Cannot connect to Unity Package Manager local server
Mono: successfully reloaded assembly
- Completed reload, in  1.678 seconds
Domain Reload Profiling:
	ReloadAssembly (1680ms)
		BeginReloadAssembly (262ms)
			ExecutionOrderSort (0ms)
			DisableScriptedObjects (9ms)
			BackupInstance (0ms)
			ReleaseScriptingObjects (0ms)
			CreateAndSetChildDomain (119ms)
		EndReloadAssembly (1279ms)
			LoadAssemblies (171ms)
			RebuildTransferFunctionScriptingTraits (0ms)
			SetupTypeCache (380ms)
				TypeCache.Initialize (372ms)
					TypeCache.ScanAssembly (362ms)
				ResolveRequiredComponents (9ms)
			ReleaseScriptCaches (2ms)
			RebuildScriptCaches (85ms)
			SetupLoadedEditorAssemblies (572ms)
				LogAssemblyErrors (0ms)
				InitializePlatformSupportModulesInManaged (15ms)
				SetLoadedEditorAssemblies (9ms)
				RefreshPlugins (1ms)
				BeforeProcessingInitializeOnLoad (112ms)
				ProcessInitializeOnLoadAttributes (366ms)
				ProcessInitializeOnLoadMethodAttributes (53ms)
				AfterProcessingInitializeOnLoad (15ms)
				EditorAssembliesLoaded (0ms)
			ExecutionOrderSort2 (0ms)
			AwakeInstancesAfterBackupRestoration (18ms)
Platform modules already initialized, skipping
Refreshing native plugins compatible for Editor in 9.32 ms, found 4 plugins.
Preloading 0 native plugins for Editor in 0.00 ms.
Unloading 4996 Unused Serialized files (Serialized files now loaded: 0)
Unloading 40 unused Assets / (1.3 MB). Loaded Objects now: 5766.
Memory consumption went from 0.86 GB to 0.86 GB.
Total: 7.760300 ms (FindLiveObjects: 0.721100 ms CreateObjectMapping: 2.226500 ms MarkObjects: 4.517300 ms  DeleteObjects: 0.293900 ms)

AssetImportParameters requested are different than current active one (requested -> active):
  custom:video-decoder-ogg-theora: a1e56fd34408186e4bbccfd4996cb3dc -> 
  custom:container-muxer-webm: aa71ff27fc2769a1b78a27578f13a17b -> 
  custom:container-demuxer-webm: 4f35f7cbe854078d1ac9338744f61a02 -> 
  custom:video-encoder-webm-vp8: eb34c28f22e8b96e1ab97ce403110664 -> 
  custom:audio-encoder-webm-vorbis: bf7c407c2cedff20999df2af8eb42d56 -> 
  custom:framework-win-MediaFoundation: 216162199b28c13a410421893ffa2e32 -> 
  custom:container-demuxer-ogg: 62fdf1f143b41e24485cea50d1cbac27 -> 
  custom:video-decoder-webm-vp8: 9c59270c3fd7afecdb556c50c9e8de78 -> 
  custom:audio-decoder-ogg-vorbis: bf7c407c2cedff20999df2af8eb42d56 -> 
========================================================================
Received Import Request.
  Time since last request: 5261.672975 seconds.
  path: Assets/Materials/Old Paper Textures Pack #4
  artifactKey: Guid(aa0174f95e1c78947adb830caea5a63a) Importer(815301076,1909f56bfc062723c751e8b465ee728b)
Start importing Assets/Materials/Old Paper Textures Pack #4 using Guid(aa0174f95e1c78947adb830caea5a63a) Importer(815301076,1909f56bfc062723c751e8b465ee728b)  -> (artifact id: 'c2e71deb9ea46256dc1d28ce07653d85') in 3.407866 seconds 
========================================================================
Received Import Request.
  Time since last request: 0.014681 seconds.
  path: Assets/Materials/Old Paper Textures Pack #4/Textures/Material-56-A/Material-56-A_Roughness.png
  artifactKey: Guid(e22fa84d54f3b3047a2e7e77496c6934) Importer(815301076,1909f56bfc062723c751e8b465ee728b)
Start importing Assets/Materials/Old Paper Textures Pack #4/Textures/Material-56-A/Material-56-A_Roughness.png using Guid(e22fa84d54f3b3047a2e7e77496c6934) Importer(815301076,1909f56bfc062723c751e8b465ee728b)  -> (artifact id: 'a226bd21971f73b2dfb463c30484cd84') in 6.846140 seconds 
========================================================================
Received Import Request.
  Time since last request: 0.000064 seconds.
  path: Assets/Materials/Old Paper Textures Pack #4/Textures/Material-56-A
  artifactKey: Guid(8604e7e613c8d6842838b127b994c575) Importer(815301076,1909f56bfc062723c751e8b465ee728b)
Start importing Assets/Materials/Old Paper Textures Pack #4/Textures/Material-56-A using Guid(8604e7e613c8d6842838b127b994c575) Importer(815301076,1909f56bfc062723c751e8b465ee728b)  -> (artifact id: 'fb67968f304b9ff2dd468c01f115d21a') in 0.006194 seconds 
========================================================================
Received Import Request.
  Time since last request: 0.000041 seconds.
  path: Assets/Materials/Old Paper Textures Pack #4/Textures/Material-56-A/Material-56-A_Specular.png
  artifactKey: Guid(a940bcc2217a8b94285a2eaf9c406f95) Importer(815301076,1909f56bfc062723c751e8b465ee728b)
Start importing Assets/Materials/Old Paper Textures Pack #4/Textures/Material-56-A/Material-56-A_Specular.png using Guid(a940bcc2217a8b94285a2eaf9c406f95) Importer(815301076,1909f56bfc062723c751e8b465ee728b)  -> (artifact id: '62e47fdf84ba235a8264b89a7d37cf4b') in 0.786254 seconds 
========================================================================
Received Import Request.
  Time since last request: 0.000076 seconds.
  path: Assets/Materials/Old Paper Textures Pack #4/Textures/Material-56-A/Material-56-A_Height.png
  artifactKey: Guid(fe2216693403eab49bc94df4873475a8) Importer(815301076,1909f56bfc062723c751e8b465ee728b)
Start importing Assets/Materials/Old Paper Textures Pack #4/Textures/Material-56-A/Material-56-A_Height.png using Guid(fe2216693403eab49bc94df4873475a8) Importer(815301076,1909f56bfc062723c751e8b465ee728b)  -> (artifact id: '1da4bab6bf323a78cad9e4e9ede09b95') in 0.728261 seconds 
========================================================================
Received Import Request.
  Time since last request: 0.000040 seconds.
  path: Assets/Materials/Old Paper Textures Pack #4/Textures/Material-56-A/Material-56-A_SpecularSmoothness.png
  artifactKey: Guid(d40349b12e1a7d545ae3a4c82786c7b4) Importer(815301076,1909f56bfc062723c751e8b465ee728b)
Start importing Assets/Materials/Old Paper Textures Pack #4/Textures/Material-56-A/Material-56-A_SpecularSmoothness.png using Guid(d40349b12e1a7d545ae3a4c82786c7b4) Importer(815301076,1909f56bfc062723c751e8b465ee728b)  -> (artifact id: '8d4bd56ab2793227a841ceec1294679a') in 1.317798 seconds 
========================================================================
Received Import Request.
  Time since last request: 0.000033 seconds.
  path: Assets/Materials/Old Paper Textures Pack #4/Textures/Material-56-A/Material-56-A_Metallic.png
  artifactKey: Guid(05fa57b3befcb98419737324670cdf02) Importer(815301076,1909f56bfc062723c751e8b465ee728b)
Start importing Assets/Materials/Old Paper Textures Pack #4/Textures/Material-56-A/Material-56-A_Metallic.png using Guid(05fa57b3befcb98419737324670cdf02) Importer(815301076,1909f56bfc062723c751e8b465ee728b)  -> (artifact id: '9655d7d378930b13a77a76b512e717d8') in 1.298586 seconds 
========================================================================
Received Import Request.
  Time since last request: 0.000036 seconds.
  path: Assets/Materials/Old Paper Textures Pack #4/Textures/Material-56-A/Material-56-A_Normal.png
  artifactKey: Guid(99aeec9e3d10b454e9c2d97413f8dd28) Importer(815301076,1909f56bfc062723c751e8b465ee728b)
Start importing Assets/Materials/Old Paper Textures Pack #4/Textures/Material-56-A/Material-56-A_Normal.png using Guid(99aeec9e3d10b454e9c2d97413f8dd28) Importer(815301076,1909f56bfc062723c751e8b465ee728b)  -> (artifact id: 'eeae401a2061fc6e73a60ceac0cd33a2') in 1.488381 seconds 
========================================================================
Received Import Request.
  Time since last request: 0.000030 seconds.
  path: Assets/Materials/Old Paper Textures Pack #4/Textures/Material-56-A/Material-56-A_AmbientOcclusion.png
  artifactKey: Guid(ae232cede23b43e40b097d716fc583b9) Importer(815301076,1909f56bfc062723c751e8b465ee728b)
Start importing Assets/Materials/Old Paper Textures Pack #4/Textures/Material-56-A/Material-56-A_AmbientOcclusion.png using Guid(ae232cede23b43e40b097d716fc583b9) Importer(815301076,1909f56bfc062723c751e8b465ee728b)  -> (artifact id: '338b994637aaaaaf0e27326125eb9c91') in 0.643574 seconds 
========================================================================
Received Import Request.
  Time since last request: 0.000041 seconds.
  path: Assets/Materials/Old Paper Textures Pack #4/Textures/Material-56-A/Material-56-A_MetallicSmoothness.png
  artifactKey: Guid(ef503d543f59b6b49a75b91444f7c9f4) Importer(815301076,1909f56bfc062723c751e8b465ee728b)
Start importing Assets/Materials/Old Paper Textures Pack #4/Textures/Material-56-A/Material-56-A_MetallicSmoothness.png using Guid(ef503d543f59b6b49a75b91444f7c9f4) Importer(815301076,1909f56bfc062723c751e8b465ee728b)  -> (artifact id: 'b96d2e6b60fa558948a589b854992ae3') in 0.119760 seconds 
========================================================================
Received Import Request.
  Time since last request: 0.000028 seconds.
  path: Assets/Materials/Old Paper Textures Pack #4/Textures/Material-56-A/Material-56-A_Diffuse.png
  artifactKey: Guid(d743dd30fcfcad942bb4d10afd080336) Importer(815301076,1909f56bfc062723c751e8b465ee728b)
Start importing Assets/Materials/Old Paper Textures Pack #4/Textures/Material-56-A/Material-56-A_Diffuse.png using Guid(d743dd30fcfcad942bb4d10afd080336) Importer(815301076,1909f56bfc062723c751e8b465ee728b)  -> (artifact id: '2f5fdb776ac4b88a652a956a2537ab25') in 0.098868 seconds 
========================================================================
Received Import Request.
  Time since last request: 0.000032 seconds.
  path: Assets/Materials/Old Paper Textures Pack #4/Textures/Material-56-A/Material-56-A_Glossiness.png
  artifactKey: Guid(f60790a8c8859a1448d76a6a3cffa66e) Importer(815301076,1909f56bfc062723c751e8b465ee728b)
Start importing Assets/Materials/Old Paper Textures Pack #4/Textures/Material-56-A/Material-56-A_Glossiness.png using Guid(f60790a8c8859a1448d76a6a3cffa66e) Importer(815301076,1909f56bfc062723c751e8b465ee728b)  -> (artifact id: 'f7989c6e7f2084b13754054d2cde365e') in 0.602992 seconds 
========================================================================
Received Import Request.
  Time since last request: 0.000037 seconds.
  path: Assets/Materials/Old Paper Textures Pack #4/Textures
  artifactKey: Guid(076113cd037b1ab4fb6f09d3256ab6ff) Importer(815301076,1909f56bfc062723c751e8b465ee728b)
Start importing Assets/Materials/Old Paper Textures Pack #4/Textures using Guid(076113cd037b1ab4fb6f09d3256ab6ff) Importer(815301076,1909f56bfc062723c751e8b465ee728b)  -> (artifact id: '8dffb7048f6bbe822b729d3c3c196988') in 0.103768 seconds 
========================================================================
Received Import Request.
  Time since last request: 0.000024 seconds.
  path: Assets/Materials/Old Paper Textures Pack #4/Textures/Material-56-A/Material-56-A_BaseColor.png
  artifactKey: Guid(711ec278f71c2504fb4f1a5c7786a0a8) Importer(815301076,1909f56bfc062723c751e8b465ee728b)
Start importing Assets/Materials/Old Paper Textures Pack #4/Textures/Material-56-A/Material-56-A_BaseColor.png using Guid(711ec278f71c2504fb4f1a5c7786a0a8) Importer(815301076,1909f56bfc062723c751e8b465ee728b)  -> (artifact id: 'a97749246c06b0bd3260f4dd12b3ac72') in 0.085845 seconds 
========================================================================
Received Import Request.
  Time since last request: 8.759101 seconds.
  path: Assets/Materials/Old Paper Textures Pack #4/Textures/Material-55-A
  artifactKey: Guid(89feb1433d4057f40955b3406d599d6b) Importer(815301076,1909f56bfc062723c751e8b465ee728b)
Start importing Assets/Materials/Old Paper Textures Pack #4/Textures/Material-55-A using Guid(89feb1433d4057f40955b3406d599d6b) Importer(815301076,1909f56bfc062723c751e8b465ee728b)  -> (artifact id: '48c3eeb6dfaae8887dcea9ddca8a131e') in 0.001482 seconds 
========================================================================
Received Import Request.
  Time since last request: 0.074891 seconds.
  path: Assets/Materials/Old Paper Textures Pack #4/Textures/Material-55-A/Material-55-A_AmbientOcclusion.png
  artifactKey: Guid(e0ebf2e538333164ebe6d36a805e59ae) Importer(815301076,1909f56bfc062723c751e8b465ee728b)
Start importing Assets/Materials/Old Paper Textures Pack #4/Textures/Material-55-A/Material-55-A_AmbientOcclusion.png using Guid(e0ebf2e538333164ebe6d36a805e59ae) Importer(815301076,1909f56bfc062723c751e8b465ee728b)  -> (artifact id: '7271b7969d74cb7f16b411e9b7effe43') in 1.383486 seconds 
========================================================================
Received Import Request.
  Time since last request: 0.000091 seconds.
  path: Assets/Materials/Old Paper Textures Pack #4/Textures/Material-55-A/Material-55-A_Specular.png
  artifactKey: Guid(966ef481ee707724bb03de0b8e8ad31d) Importer(815301076,1909f56bfc062723c751e8b465ee728b)
Start importing Assets/Materials/Old Paper Textures Pack #4/Textures/Material-55-A/Material-55-A_Specular.png using Guid(966ef481ee707724bb03de0b8e8ad31d) Importer(815301076,1909f56bfc062723c751e8b465ee728b)  -> (artifact id: 'df2937296c9b305b31047084b6decacc') in 0.697658 seconds 
========================================================================
Received Import Request.
  Time since last request: 0.000050 seconds.
  path: Assets/Materials/Old Paper Textures Pack #4/Textures/Material-55-A/Material-55-A_Diffuse.png
  artifactKey: Guid(6bad97db2cb61ee4ab99f84884e6b0c8) Importer(815301076,1909f56bfc062723c751e8b465ee728b)
Start importing Assets/Materials/Old Paper Textures Pack #4/Textures/Material-55-A/Material-55-A_Diffuse.png using Guid(6bad97db2cb61ee4ab99f84884e6b0c8) Importer(815301076,1909f56bfc062723c751e8b465ee728b)  -> (artifact id: '24a6daf32a83200dc8d415219dcc4fa2') in 0.679515 seconds 
========================================================================
Received Import Request.
  Time since last request: 0.000036 seconds.
  path: Assets/Materials/Old Paper Textures Pack #4/Textures/Material-55-A/Material-55-A_MetallicSmoothness.png
  artifactKey: Guid(1da61854bd5555d4eb76365c404e93e1) Importer(815301076,1909f56bfc062723c751e8b465ee728b)
Start importing Assets/Materials/Old Paper Textures Pack #4/Textures/Material-55-A/Material-55-A_MetallicSmoothness.png using Guid(1da61854bd5555d4eb76365c404e93e1) Importer(815301076,1909f56bfc062723c751e8b465ee728b)  -> (artifact id: 'eff94e46f06e37509009ac0cc9b103f6') in 0.757261 seconds 
========================================================================
Received Import Request.
  Time since last request: 0.000038 seconds.
  path: Assets/Materials/Old Paper Textures Pack #4/Textures/Material-55-A/Material-55-A_Normal.png
  artifactKey: Guid(515787454601476438f82a6f4a7ffc27) Importer(815301076,1909f56bfc062723c751e8b465ee728b)
Start importing Assets/Materials/Old Paper Textures Pack #4/Textures/Material-55-A/Material-55-A_Normal.png using Guid(515787454601476438f82a6f4a7ffc27) Importer(815301076,1909f56bfc062723c751e8b465ee728b)  -> (artifact id: '3172b5e68fcdfe43aca13d6c0c7689d3') in 0.955165 seconds 
========================================================================
Received Import Request.
  Time since last request: 0.000072 seconds.
  path: Assets/Materials/Old Paper Textures Pack #4/Textures/Material-55-A/Material-55-A_BaseColor.png
  artifactKey: Guid(69f0697167416dd489cc8583cf32b48a) Importer(815301076,1909f56bfc062723c751e8b465ee728b)
Start importing Assets/Materials/Old Paper Textures Pack #4/Textures/Material-55-A/Material-55-A_BaseColor.png using Guid(69f0697167416dd489cc8583cf32b48a) Importer(815301076,1909f56bfc062723c751e8b465ee728b)  -> (artifact id: '4f5ccafe5111c3367d0f0323dab81ebf') in 0.182856 seconds 
========================================================================
Received Import Request.
  Time since last request: 0.000041 seconds.
  path: Assets/Materials/Old Paper Textures Pack #4/Textures/Material-57-A/Material-57-A_BaseColor.png
  artifactKey: Guid(0ce8c5a5a2f74fe47aadcab8780df975) Importer(815301076,1909f56bfc062723c751e8b465ee728b)
Start importing Assets/Materials/Old Paper Textures Pack #4/Textures/Material-57-A/Material-57-A_BaseColor.png using Guid(0ce8c5a5a2f74fe47aadcab8780df975) Importer(815301076,1909f56bfc062723c751e8b465ee728b)  -> (artifact id: '17b5d90cf939d2df35ab7a31d45ad06c') in 0.560080 seconds 
========================================================================
Received Import Request.
  Time since last request: 0.000049 seconds.
  path: Assets/Materials/Old Paper Textures Pack #4/Textures/Material-57-A/Material-57-A_Glossiness.png
  artifactKey: Guid(883306ae62a89d646bb4a81268629933) Importer(815301076,1909f56bfc062723c751e8b465ee728b)
Start importing Assets/Materials/Old Paper Textures Pack #4/Textures/Material-57-A/Material-57-A_Glossiness.png using Guid(883306ae62a89d646bb4a81268629933) Importer(815301076,1909f56bfc062723c751e8b465ee728b)  -> (artifact id: '64714820b4be7c6a64a9eabf7facf67a') in 0.686618 seconds 
========================================================================
Received Import Request.
  Time since last request: 0.000040 seconds.
  path: Assets/Materials/Old Paper Textures Pack #4/Textures/Material-57-A/Material-57-A_Specular.png
  artifactKey: Guid(ef4ff141a3291854599b75ab67f18e07) Importer(815301076,1909f56bfc062723c751e8b465ee728b)
Start importing Assets/Materials/Old Paper Textures Pack #4/Textures/Material-57-A/Material-57-A_Specular.png using Guid(ef4ff141a3291854599b75ab67f18e07) Importer(815301076,1909f56bfc062723c751e8b465ee728b)  -> (artifact id: '7f06b10e96a9fe6bb353ddf27ac40d93') in 0.548491 seconds 
========================================================================
Received Import Request.
  Time since last request: 0.000046 seconds.
  path: Assets/Materials/Old Paper Textures Pack #4/Textures/Material-57-A/Material-57-A_SpecularSmoothness.png
  artifactKey: Guid(b24bed0f68dc07949a767c9c8da8d5e8) Importer(815301076,1909f56bfc062723c751e8b465ee728b)
Start importing Assets/Materials/Old Paper Textures Pack #4/Textures/Material-57-A/Material-57-A_SpecularSmoothness.png using Guid(b24bed0f68dc07949a767c9c8da8d5e8) Importer(815301076,1909f56bfc062723c751e8b465ee728b)  -> (artifact id: '8516f0d9f9f6049d8cf6e44e4e187610') in 1.297319 seconds 
========================================================================
Received Import Request.
  Time since last request: 0.000090 seconds.
  path: Assets/Materials/Old Paper Textures Pack #4/Textures/Material-55-A/Material-55-A_Glossiness.png
  artifactKey: Guid(aab52f7f8ffc0b74a93d117466be423b) Importer(815301076,1909f56bfc062723c751e8b465ee728b)
Start importing Assets/Materials/Old Paper Textures Pack #4/Textures/Material-55-A/Material-55-A_Glossiness.png using Guid(aab52f7f8ffc0b74a93d117466be423b) Importer(815301076,1909f56bfc062723c751e8b465ee728b)  -> (artifact id: '5d5031b9a5e6c7128fe27ab0fa2d74c6') in 0.663161 seconds 
========================================================================
Received Import Request.
  Time since last request: 0.000030 seconds.
  path: Assets/Materials/Old Paper Textures Pack #4/Textures/Material-55-A/Material-55-A_Height.png
  artifactKey: Guid(0dcc39fc949adcb428f461dd744b725a) Importer(815301076,1909f56bfc062723c751e8b465ee728b)
Start importing Assets/Materials/Old Paper Textures Pack #4/Textures/Material-55-A/Material-55-A_Height.png using Guid(0dcc39fc949adcb428f461dd744b725a) Importer(815301076,1909f56bfc062723c751e8b465ee728b)  -> (artifact id: 'fb823a0d1b50e2ebc732ff6a8212c183') in 0.706879 seconds 
========================================================================
Received Import Request.
  Time since last request: 0.000039 seconds.
  path: Assets/Materials/Old Paper Textures Pack #4/Textures/Material-57-A/Material-57-A_Normal.png
  artifactKey: Guid(c2ee7d1d78d38634687667fd7ee83c0b) Importer(815301076,1909f56bfc062723c751e8b465ee728b)
Start importing Assets/Materials/Old Paper Textures Pack #4/Textures/Material-57-A/Material-57-A_Normal.png using Guid(c2ee7d1d78d38634687667fd7ee83c0b) Importer(815301076,1909f56bfc062723c751e8b465ee728b)  -> (artifact id: 'd54993ede67c7b6336ce489abe36c80c') in 0.920691 seconds 
========================================================================
Received Import Request.
  Time since last request: 0.000036 seconds.
  path: Assets/Materials/Old Paper Textures Pack #4/Textures/Material-57-A/Material-57-A_Metallic.png
  artifactKey: Guid(d27b49d712da56e41909d9787151784f) Importer(815301076,1909f56bfc062723c751e8b465ee728b)
Start importing Assets/Materials/Old Paper Textures Pack #4/Textures/Material-57-A/Material-57-A_Metallic.png using Guid(d27b49d712da56e41909d9787151784f) Importer(815301076,1909f56bfc062723c751e8b465ee728b)  -> (artifact id: '143ec586e745832b7bded230c752a69d') in 0.684941 seconds 
========================================================================
Received Import Request.
  Time since last request: 0.000052 seconds.
  path: Assets/Materials/Old Paper Textures Pack #4/Textures/Material-55-A/Material-55-A_SpecularSmoothness.png
  artifactKey: Guid(7beaf8b48aae99b4286121d0f6a43167) Importer(815301076,1909f56bfc062723c751e8b465ee728b)
Start importing Assets/Materials/Old Paper Textures Pack #4/Textures/Material-55-A/Material-55-A_SpecularSmoothness.png using Guid(7beaf8b48aae99b4286121d0f6a43167) Importer(815301076,1909f56bfc062723c751e8b465ee728b)  -> (artifact id: 'f8b6418428c1893784ba2f57c73cf096') in 0.848799 seconds 
========================================================================
Received Import Request.
  Time since last request: 0.000035 seconds.
  path: Assets/Materials/Old Paper Textures Pack #4/Textures/Material-55-A/Material-55-A_Metallic.png
  artifactKey: Guid(9fe305a78b403654a8623da86897abf9) Importer(815301076,1909f56bfc062723c751e8b465ee728b)
Start importing Assets/Materials/Old Paper Textures Pack #4/Textures/Material-55-A/Material-55-A_Metallic.png using Guid(9fe305a78b403654a8623da86897abf9) Importer(815301076,1909f56bfc062723c751e8b465ee728b)  -> (artifact id: '736e429b68af70f728958967a7ab5df6') in 0.720722 seconds 
========================================================================
Received Import Request.
  Time since last request: 0.000053 seconds.
  path: Assets/Materials/Old Paper Textures Pack #4/Textures/Material-57-A
  artifactKey: Guid(e429f57212b094d4abc9eb6717b90e17) Importer(815301076,1909f56bfc062723c751e8b465ee728b)
Start importing Assets/Materials/Old Paper Textures Pack #4/Textures/Material-57-A using Guid(e429f57212b094d4abc9eb6717b90e17) Importer(815301076,1909f56bfc062723c751e8b465ee728b)  -> (artifact id: '41f1223f7cdc0687e5a6cbef1491549b') in 0.460313 seconds 
========================================================================
Received Import Request.
  Time since last request: 0.000045 seconds.
  path: Assets/Materials/Old Paper Textures Pack #4/Textures/Material-57-A/Material-57-A_Height.png
  artifactKey: Guid(9b339ad150dcff64397bfa313c95c28d) Importer(815301076,1909f56bfc062723c751e8b465ee728b)
Start importing Assets/Materials/Old Paper Textures Pack #4/Textures/Material-57-A/Material-57-A_Height.png using Guid(9b339ad150dcff64397bfa313c95c28d) Importer(815301076,1909f56bfc062723c751e8b465ee728b)  -> (artifact id: 'a37a5a825e506222c92d66825577988e') in 0.100950 seconds 
========================================================================
Received Import Request.
  Time since last request: 0.000040 seconds.
  path: Assets/Materials/Old Paper Textures Pack #4/Textures/Material-57-A/Material-57-A_AmbientOcclusion.png
  artifactKey: Guid(8d1915cec86b86640a147d8a73baa21d) Importer(815301076,1909f56bfc062723c751e8b465ee728b)
Start importing Assets/Materials/Old Paper Textures Pack #4/Textures/Material-57-A/Material-57-A_AmbientOcclusion.png using Guid(8d1915cec86b86640a147d8a73baa21d) Importer(815301076,1909f56bfc062723c751e8b465ee728b)  -> (artifact id: 'e0be9b6b55c3f41b33027f1e3267782f') in 0.662677 seconds 
========================================================================
Received Import Request.
  Time since last request: 0.000079 seconds.
  path: Assets/Materials/Old Paper Textures Pack #4/Textures/Material-55-A/Material-55-A_Roughness.png
  artifactKey: Guid(7d4a17d8d8c56024298f1dc7fd7d6623) Importer(815301076,1909f56bfc062723c751e8b465ee728b)
Start importing Assets/Materials/Old Paper Textures Pack #4/Textures/Material-55-A/Material-55-A_Roughness.png using Guid(7d4a17d8d8c56024298f1dc7fd7d6623) Importer(815301076,1909f56bfc062723c751e8b465ee728b)  -> (artifact id: 'f5a95c762d6ba91f51fd8e6b64034ef9') in 0.665640 seconds 
========================================================================
Received Import Request.
  Time since last request: 0.000034 seconds.
  path: Assets/Materials/Old Paper Textures Pack #4/Textures/Material-57-A/Material-57-A_Roughness.png
  artifactKey: Guid(a9955a20d3756704a9c892803455769b) Importer(815301076,1909f56bfc062723c751e8b465ee728b)
Start importing Assets/Materials/Old Paper Textures Pack #4/Textures/Material-57-A/Material-57-A_Roughness.png using Guid(a9955a20d3756704a9c892803455769b) Importer(815301076,1909f56bfc062723c751e8b465ee728b)  -> (artifact id: '29b32485bf1d25206b86a92cb977db26') in 0.664533 seconds 
========================================================================
Received Import Request.
  Time since last request: 0.000067 seconds.
  path: Assets/Materials/Old Paper Textures Pack #4/Textures/Material-57-A/Material-57-A_MetallicSmoothness.png
  artifactKey: Guid(25ed4112e1fc51c4dad2003960714c33) Importer(815301076,1909f56bfc062723c751e8b465ee728b)
Start importing Assets/Materials/Old Paper Textures Pack #4/Textures/Material-57-A/Material-57-A_MetallicSmoothness.png using Guid(25ed4112e1fc51c4dad2003960714c33) Importer(815301076,1909f56bfc062723c751e8b465ee728b)  -> (artifact id: '3b23e9e84589c02491e09eac2ed31d28') in 1.031849 seconds 
========================================================================
Received Import Request.
  Time since last request: 0.000071 seconds.
  path: Assets/Materials/Old Paper Textures Pack #4/Textures/Material-57-A/Material-57-A_Diffuse.png
  artifactKey: Guid(9192f1fdcaeb8264b835639805a223ad) Importer(815301076,1909f56bfc062723c751e8b465ee728b)
Start importing Assets/Materials/Old Paper Textures Pack #4/Textures/Material-57-A/Material-57-A_Diffuse.png using Guid(9192f1fdcaeb8264b835639805a223ad) Importer(815301076,1909f56bfc062723c751e8b465ee728b)  -> (artifact id: '06e7248f2adefe71a7eaaa74eeae1219') in 0.124467 seconds 
