
=== Fri Dec 23 22:14:29 2022

Packages were changed.
Update Mode: mergeDefaultDependencies

The following packages were added:
  com.unity.ide.rider@3.0.16
  com.unity.ide.visualstudio@2.0.16
  com.unity.ide.vscode@1.2.5
  com.unity.modules.ai@1.0.0
  com.unity.modules.androidjni@1.0.0
  com.unity.modules.animation@1.0.0
  com.unity.modules.assetbundle@1.0.0
  com.unity.modules.audio@1.0.0
  com.unity.modules.cloth@1.0.0
  com.unity.modules.director@1.0.0
  com.unity.modules.imageconversion@1.0.0
  com.unity.modules.imgui@1.0.0
  com.unity.modules.jsonserialize@1.0.0
  com.unity.modules.particlesystem@1.0.0
  com.unity.modules.physics@1.0.0
  com.unity.modules.physics2d@1.0.0
  com.unity.modules.screencapture@1.0.0
  com.unity.modules.terrain@1.0.0
  com.unity.modules.terrainphysics@1.0.0
  com.unity.modules.tilemap@1.0.0
  com.unity.modules.ui@1.0.0
  com.unity.modules.uielements@1.0.0
  com.unity.modules.umbra@1.0.0
  com.unity.modules.unityanalytics@1.0.0
  com.unity.modules.unitywebrequest@1.0.0
  com.unity.modules.unitywebrequestassetbundle@1.0.0
  com.unity.modules.unitywebrequestaudio@1.0.0
  com.unity.modules.unitywebrequesttexture@1.0.0
  com.unity.modules.unitywebrequestwww@1.0.0
  com.unity.modules.vehicles@1.0.0
  com.unity.modules.video@1.0.0
  com.unity.modules.vr@1.0.0
  com.unity.modules.wind@1.0.0
  com.unity.modules.xr@1.0.0
  com.unity.test-framework@1.1.33
The following packages were updated:
  com.unity.collab-proxy from version 1.13.5 to 1.17.6
  com.unity.timeline from version 1.6.2 to 1.7.2
  com.unity.visualscripting from version 1.7.6 to 1.7.8

=== Tue Jan 24 21:46:37 2023

Packages were changed.
Update Mode: updateDependencies

The following packages were updated:
  com.unity.2d.animation from version 3.2.6 to 8.0.5
  com.unity.2d.pixel-perfect from version 2.1.0 to 5.0.2
  com.unity.2d.psdimporter from version 2.1.6 to 7.0.3
  com.unity.2d.spriteshape from version 3.0.14 to 8.0.1
  com.unity.collab-proxy from version 1.2.16 to 1.17.6
  com.unity.ide.rider from version 1.1.4 to 3.0.16
  com.unity.ide.vscode from version 1.2.3 to 1.2.5
  com.unity.test-framework from version 1.1.20 to 1.1.33
  com.unity.textmeshpro from version 2.1.1 to 3.0.6
  com.unity.timeline from version 1.2.17 to 1.7.2

=== Tue Jan 24 21:46:37 2023

Packages were changed.
Update Mode: mergeDefaultDependencies

The following packages were added:
  com.unity.2d.animation@8.0.5
  com.unity.2d.pixel-perfect@5.0.2
  com.unity.2d.psdimporter@7.0.3
  com.unity.2d.sprite@1.0.0
  com.unity.2d.spriteshape@8.0.1
  com.unity.2d.tilemap@1.0.0
